<html>
<body>
<pre>
<h1>Vision Build Log</h1>
<h2>Tool Versions:</h2>
IDE-Version: μVision V5.14.1
Copyright (C) 2015 ARM Ltd and ARM Germany GmbH. All rights reserved.
License Information: 1 1, 1, LIC=JLB1Q-NWE7W-F6VQ4-FTK9W-6TJ5E-MF3HZ
 
Tool Versions:
Toolchain:       PK51 Prof. Developers Kit  Version: 9.54
Toolchain Path:  F:\Keil_v5\C51\BIN
C Compiler:      C51.exe V9.54
Assembler:       A51.exe V8.02c
Linker/Locator:  BL51.exe V6.22
Library Manager: LIB51.exe V4.30.1.0
Hex Converter:   OH51.exe V2.7.0.0
CPU DLL:         S8051.DLL V3.100.0.0
Dialog DLL:      DP51.DLL V2.62.0.1 
<h2>Project:</h2>
F:\大二下\仪器短学期\OLEDtest\test.uvproj
Project File Date:  07/04/2022

<h2>Output:</h2>
Build target 'Target 1'
compiling main.c...
delay.h(6): warning C318: can't open file 'stdint.h'
delay.h(11): error C141: syntax error near 't', expected ')'
oled.h(4): warning C318: can't open file 'stdint.h'
spi.h(6): error C141: syntax error near ')'
oled.h(16): error C141: syntax error near 'data', expected ')'
oled.h(17): error C141: syntax error near 'command', expected ')'
oled.h(18): error C141: syntax error near 'x', expected ')'
compiling delay.c...
delay.h(6): warning C318: can't open file 'stdint.h'
delay.h(11): error C141: syntax error near 't', expected ')'
delay.c(3): error C141: syntax error near 't', expected ')'
delay.c(5): error C141: syntax error near 'count'
delay.c(5): error C202: 'count': undefined identifier
delay.c(14): error C202: 'count': undefined identifier
delay.c(19): error C202: 'count': undefined identifier
compiling oled.c...
oled.h(4): warning C318: can't open file 'stdint.h'
spi.h(6): error C141: syntax error near ')'
delay.h(6): warning C318: can't open file 'stdint.h'
delay.h(11): error C141: syntax error near 't', expected ')'
oled.h(16): error C141: syntax error near 'data', expected ')'
oled.h(17): error C141: syntax error near 'command', expected ')'
oled.h(18): error C141: syntax error near 'x', expected ')'
oled.c(10): error C141: syntax error near 'data', expected ')'
oled.c(14): error C141: syntax error near 'data'
oled.c(18): error C141: syntax error near 'command', expected ')'
oled.c(22): error C202: 'command': undefined identifier
oled.c(26): error C141: syntax error near 'x', expected ')'
oled.c(28): error C202: 'y': undefined identifier
oled.c(29): error C202: 'x': undefined identifier
oled.c(30): error C202: 'x': undefined identifier
oled.c(67): error C208: '_oled_set_position': too many actual parameters
oled.c(72): error C202: 'uint8_t': undefined identifier
oled.c(72): error C141: syntax error near 'y'
oled.c(74): error C202: 'y': undefined identifier
oled.c(76): error C202: 'y': undefined identifier
oled.c(79): error C202: 'x': undefined identifier
oled.c(88): error C202: 'uint8_t': undefined identifier
oled.c(88): error C141: syntax error near 'y'
oled.c(90): error C202: 'y': undefined identifier
oled.c(92): error C202: 'y': undefined identifier
oled.c(95): error C202: 'x': undefined identifier
compiling spi.c...
spi.h(6): error C141: syntax error near ')'
spi.c(3): error C141: syntax error near ')'
spi.c(8): error C141: syntax error near '<<'
spi.c(8): error C190: '&': not an lvalue
Target not created.
</pre>
</body>
</html>
